{
  "error_code": null,
  "errors": [],
  "mode": "rc",
  "ok": true,
  "provider_attestation_scope": "Local resolved executable path, version, content hash, and persistent CLI trace only; no remote-provider or code-signature attestation.",
  "provider_trust_level": "local_process_attested",
  "release_composition": {
    "argv": [
      "/bin/bash",
      "~/dev_projects/goal-teams/scripts/checks/check.sh"
    ],
    "bash_path": "/bin/bash",
    "bash_sha256": "fde343ee184953c1fa1185abddeaa8be61c6acbebae4eb54db5d6b55b09a5755",
    "bash_size": 1293840,
    "check_path": "~/dev_projects/goal-teams/scripts/checks/check.sh",
    "check_sha256": "d2cf664a354e66c9a237859934875a5eccc676b9f164dee0985edc63fa532bca",
    "check_size": 1594,
    "cwd": "~/dev_projects/goal-teams",
    "ended_at": "2026-07-11T01:50:22.198143Z",
    "exit_code": 0,
    "git_state_after": {
      "head": "87f2f604967d00e06e729cd218fa8104f0527295",
      "index_sha256": "7f498f53fdec3f149c0183616419845cba31c40c2e1afe1341aa3187511afa9f",
      "status_sha256": "54a422e644c9f6416691de34bd03c931cf989ef934e197f0812f7d4f67b08d60"
    },
    "git_state_before": {
      "head": "87f2f604967d00e06e729cd218fa8104f0527295",
      "index_sha256": "7f498f53fdec3f149c0183616419845cba31c40c2e1afe1341aa3187511afa9f",
      "status_sha256": "54a422e644c9f6416691de34bd03c931cf989ef934e197f0812f7d4f67b08d60"
    },
    "python_path": "/opt/homebrew/Cellar/python@3.14/3.14.3_1/Frameworks/Python.framework/Versions/3.14/bin/python3.14",
    "python_sha256": "cbf84109626aa1013bbe408fbb9590bd0f1c1548f038b2221c6b8b87de26ca43",
    "python_size": 52448,
    "python_version": "3.14.3 (main, Feb  3 2026, 15:32:20) [Clang 17.0.0 (clang-1700.6.3.2)]",
    "source_repository_unchanged": true,
    "source_tree_sha256_after": "7b1072f4b4ace3a2d2e2f403d350d41ba41bd7c49339c0f032a354ca52a5400d",
    "source_tree_sha256_before": "7b1072f4b4ace3a2d2e2f403d350d41ba41bd7c49339c0f032a354ca52a5400d",
    "started_at": "2026-07-11T01:39:00.453799Z",
    "stderr_sha256": "7237222430a7b9504e052a95ee4b3f5b561008bad65fe564cc01a6cae72b9b81",
    "stdout_sha256": "8708b6bcf01cac3ebd564164c15e194e031b58d4e93cc0cb7c62d8af83c1af2d"
  },
  "schema_version": "goal-teams-v2.3"
}
